<?xml version="1.0" encoding="UTF-8"?>
<testng-results ignored="0" total="9" passed="9" failed="0" skipped="0">
  <reporter-output>
  </reporter-output>
  <suite started-at="2024-01-30T07:24:18 GMT" name="vendor-portal" finished-at="2024-01-30T07:24:26 GMT" duration-ms="7263">
    <groups>
    </groups>
    <test started-at="2024-01-30T07:24:18 GMT" name="user-sam" finished-at="2024-01-30T07:24:25 GMT" duration-ms="6285">
      <class name="com.phuoclet.tests.vendorportal.VendorPortalTest">
        <test-method is-config="true" signature="setDriver(org.testng.ITestContext)[pri:0, instance:com.phuoclet.tests.vendorportal.VendorPortalTest@2fba3fc4]" started-at="2024-01-30T07:24:18 GMT" name="setDriver" finished-at="2024-01-30T07:24:21 GMT" duration-ms="2189" status="PASS">
          <params>
            <param index="0">
              <value>
                <![CDATA[org.testng.TestRunner@c7ba306]]>
              </value>
            </param>
          </params>
          <reporter-output>
          </reporter-output>
        </test-method> <!-- setDriver -->
        <test-method is-config="true" signature="setPageObjects(java.lang.String)[pri:0, instance:com.phuoclet.tests.vendorportal.VendorPortalTest@2fba3fc4]" started-at="2024-01-30T07:24:21 GMT" name="setPageObjects" finished-at="2024-01-30T07:24:21 GMT" depends-on-methods="com.phuoclet.tests.AbstractTest.setDriver" duration-ms="161" status="PASS">
          <params>
            <param index="0">
              <value>
                <![CDATA[test-data/vendor-portal/sam.json]]>
              </value>
            </param>
          </params>
          <reporter-output>
          </reporter-output>
        </test-method> <!-- setPageObjects -->
        <test-method signature="loginTest()[pri:0, instance:com.phuoclet.tests.vendorportal.VendorPortalTest@2fba3fc4]" started-at="2024-01-30T07:24:21 GMT" name="loginTest" finished-at="2024-01-30T07:24:23 GMT" duration-ms="1908" status="PASS">
          <reporter-output>
          </reporter-output>
        </test-method> <!-- loginTest -->
        <test-method signature="dashboardTest()[pri:0, instance:com.phuoclet.tests.vendorportal.VendorPortalTest@2fba3fc4]" started-at="2024-01-30T07:24:23 GMT" name="dashboardTest" finished-at="2024-01-30T07:24:23 GMT" depends-on-methods="com.phuoclet.tests.vendorportal.VendorPortalTest.loginTest" duration-ms="648" status="PASS">
          <reporter-output>
          </reporter-output>
        </test-method> <!-- dashboardTest -->
        <test-method signature="logoutTest()[pri:0, instance:com.phuoclet.tests.vendorportal.VendorPortalTest@2fba3fc4]" started-at="2024-01-30T07:24:23 GMT" name="logoutTest" finished-at="2024-01-30T07:24:24 GMT" depends-on-methods="com.phuoclet.tests.vendorportal.VendorPortalTest.dashboardTest" duration-ms="867" status="PASS">
          <reporter-output>
          </reporter-output>
        </test-method> <!-- logoutTest -->
        <test-method is-config="true" signature="quitDriver()[pri:0, instance:com.phuoclet.tests.vendorportal.VendorPortalTest@2fba3fc4]" started-at="2024-01-30T07:24:24 GMT" name="quitDriver" finished-at="2024-01-30T07:24:25 GMT" duration-ms="496" status="PASS">
          <reporter-output>
          </reporter-output>
        </test-method> <!-- quitDriver -->
      </class> <!-- com.phuoclet.tests.vendorportal.VendorPortalTest -->
    </test> <!-- user-sam -->
    <test started-at="2024-01-30T07:24:18 GMT" name="user-john" finished-at="2024-01-30T07:24:25 GMT" duration-ms="6834">
      <class name="com.phuoclet.tests.vendorportal.VendorPortalTest">
        <test-method is-config="true" signature="setupConfig()[pri:0, instance:com.phuoclet.tests.vendorportal.VendorPortalTest@1722011b]" started-at="2024-01-30T07:24:18 GMT" name="setupConfig" finished-at="2024-01-30T07:24:18 GMT" duration-ms="8" status="PASS">
          <reporter-output>
          </reporter-output>
        </test-method> <!-- setupConfig -->
        <test-method is-config="true" signature="setDriver(org.testng.ITestContext)[pri:0, instance:com.phuoclet.tests.vendorportal.VendorPortalTest@1722011b]" started-at="2024-01-30T07:24:18 GMT" name="setDriver" finished-at="2024-01-30T07:24:21 GMT" duration-ms="2227" status="PASS">
          <params>
            <param index="0">
              <value>
                <![CDATA[org.testng.TestRunner@6d167f58]]>
              </value>
            </param>
          </params>
          <reporter-output>
          </reporter-output>
        </test-method> <!-- setDriver -->
        <test-method is-config="true" signature="setPageObjects(java.lang.String)[pri:0, instance:com.phuoclet.tests.vendorportal.VendorPortalTest@1722011b]" started-at="2024-01-30T07:24:21 GMT" name="setPageObjects" finished-at="2024-01-30T07:24:21 GMT" depends-on-methods="com.phuoclet.tests.AbstractTest.setDriver" duration-ms="122" status="PASS">
          <params>
            <param index="0">
              <value>
                <![CDATA[test-data/vendor-portal/john.json]]>
              </value>
            </param>
          </params>
          <reporter-output>
          </reporter-output>
        </test-method> <!-- setPageObjects -->
        <test-method signature="loginTest()[pri:0, instance:com.phuoclet.tests.vendorportal.VendorPortalTest@1722011b]" started-at="2024-01-30T07:24:21 GMT" name="loginTest" finished-at="2024-01-30T07:24:22 GMT" duration-ms="1635" status="PASS">
          <reporter-output>
          </reporter-output>
        </test-method> <!-- loginTest -->
        <test-method signature="dashboardTest()[pri:0, instance:com.phuoclet.tests.vendorportal.VendorPortalTest@1722011b]" started-at="2024-01-30T07:24:22 GMT" name="dashboardTest" finished-at="2024-01-30T07:24:24 GMT" depends-on-methods="com.phuoclet.tests.vendorportal.VendorPortalTest.loginTest" duration-ms="1693" status="PASS">
          <reporter-output>
          </reporter-output>
        </test-method> <!-- dashboardTest -->
        <test-method signature="logoutTest()[pri:0, instance:com.phuoclet.tests.vendorportal.VendorPortalTest@1722011b]" started-at="2024-01-30T07:24:24 GMT" name="logoutTest" finished-at="2024-01-30T07:24:25 GMT" depends-on-methods="com.phuoclet.tests.vendorportal.VendorPortalTest.dashboardTest" duration-ms="656" status="PASS">
          <reporter-output>
          </reporter-output>
        </test-method> <!-- logoutTest -->
        <test-method is-config="true" signature="quitDriver()[pri:0, instance:com.phuoclet.tests.vendorportal.VendorPortalTest@1722011b]" started-at="2024-01-30T07:24:25 GMT" name="quitDriver" finished-at="2024-01-30T07:24:25 GMT" duration-ms="485" status="PASS">
          <reporter-output>
          </reporter-output>
        </test-method> <!-- quitDriver -->
      </class> <!-- com.phuoclet.tests.vendorportal.VendorPortalTest -->
    </test> <!-- user-john -->
    <test started-at="2024-01-30T07:24:18 GMT" name="user-mike" finished-at="2024-01-30T07:24:26 GMT" duration-ms="7263">
      <class name="com.phuoclet.tests.vendorportal.VendorPortalTest">
        <test-method is-config="true" signature="setDriver(org.testng.ITestContext)[pri:0, instance:com.phuoclet.tests.vendorportal.VendorPortalTest@6e15fe2]" started-at="2024-01-30T07:24:18 GMT" name="setDriver" finished-at="2024-01-30T07:24:21 GMT" duration-ms="2183" status="PASS">
          <params>
            <param index="0">
              <value>
                <![CDATA[org.testng.TestRunner@4ff8d125]]>
              </value>
            </param>
          </params>
          <reporter-output>
          </reporter-output>
        </test-method> <!-- setDriver -->
        <test-method is-config="true" signature="setPageObjects(java.lang.String)[pri:0, instance:com.phuoclet.tests.vendorportal.VendorPortalTest@6e15fe2]" started-at="2024-01-30T07:24:21 GMT" name="setPageObjects" finished-at="2024-01-30T07:24:21 GMT" depends-on-methods="com.phuoclet.tests.AbstractTest.setDriver" duration-ms="166" status="PASS">
          <params>
            <param index="0">
              <value>
                <![CDATA[test-data/vendor-portal/mike.json]]>
              </value>
            </param>
          </params>
          <reporter-output>
          </reporter-output>
        </test-method> <!-- setPageObjects -->
        <test-method signature="loginTest()[pri:0, instance:com.phuoclet.tests.vendorportal.VendorPortalTest@6e15fe2]" started-at="2024-01-30T07:24:21 GMT" name="loginTest" finished-at="2024-01-30T07:24:22 GMT" duration-ms="1627" status="PASS">
          <reporter-output>
          </reporter-output>
        </test-method> <!-- loginTest -->
        <test-method signature="dashboardTest()[pri:0, instance:com.phuoclet.tests.vendorportal.VendorPortalTest@6e15fe2]" started-at="2024-01-30T07:24:22 GMT" name="dashboardTest" finished-at="2024-01-30T07:24:25 GMT" depends-on-methods="com.phuoclet.tests.vendorportal.VendorPortalTest.loginTest" duration-ms="2204" status="PASS">
          <reporter-output>
          </reporter-output>
        </test-method> <!-- dashboardTest -->
        <test-method signature="logoutTest()[pri:0, instance:com.phuoclet.tests.vendorportal.VendorPortalTest@6e15fe2]" started-at="2024-01-30T07:24:25 GMT" name="logoutTest" finished-at="2024-01-30T07:24:25 GMT" depends-on-methods="com.phuoclet.tests.vendorportal.VendorPortalTest.dashboardTest" duration-ms="703" status="PASS">
          <reporter-output>
          </reporter-output>
        </test-method> <!-- logoutTest -->
        <test-method is-config="true" signature="quitDriver()[pri:0, instance:com.phuoclet.tests.vendorportal.VendorPortalTest@6e15fe2]" started-at="2024-01-30T07:24:25 GMT" name="quitDriver" finished-at="2024-01-30T07:24:26 GMT" duration-ms="360" status="PASS">
          <reporter-output>
          </reporter-output>
        </test-method> <!-- quitDriver -->
      </class> <!-- com.phuoclet.tests.vendorportal.VendorPortalTest -->
    </test> <!-- user-mike -->
  </suite> <!-- vendor-portal -->
</testng-results>
