<?xml version="1.0" encoding="UTF-8"?>
<testng-results ignored="0" total="9" passed="9" failed="0" skipped="0">
  <reporter-output>
  </reporter-output>
  <suite started-at="2024-01-23T17:03:00 GMT" name="vendor-portal" finished-at="2024-01-23T17:03:09 GMT" duration-ms="8515">
    <groups>
    </groups>
    <test started-at="2024-01-23T17:03:00 GMT" name="user-john" finished-at="2024-01-23T17:03:08 GMT" duration-ms="7845">
      <class name="com.phuoclet.tests.vendorportal.VendorPortalTest">
        <test-method is-config="true" signature="setupConfig()[pri:0, instance:com.phuoclet.tests.vendorportal.VendorPortalTest@1722011b]" started-at="2024-01-23T17:03:00 GMT" name="setupConfig" finished-at="2024-01-23T17:03:00 GMT" duration-ms="7" status="PASS">
          <reporter-output>
          </reporter-output>
        </test-method> <!-- setupConfig -->
        <test-method is-config="true" signature="setDriver(org.testng.ITestContext)[pri:0, instance:com.phuoclet.tests.vendorportal.VendorPortalTest@1722011b]" started-at="2024-01-23T17:03:00 GMT" name="setDriver" finished-at="2024-01-23T17:03:03 GMT" duration-ms="2485" status="PASS">
          <params>
            <param index="0">
              <value>
                <![CDATA[org.testng.TestRunner@6d167f58]]>
              </value>
            </param>
          </params>
          <reporter-output>
          </reporter-output>
        </test-method> <!-- setDriver -->
        <test-method is-config="true" signature="setPageObjects(java.lang.String)[pri:0, instance:com.phuoclet.tests.vendorportal.VendorPortalTest@1722011b]" started-at="2024-01-23T17:03:03 GMT" name="setPageObjects" finished-at="2024-01-23T17:03:03 GMT" depends-on-methods="com.phuoclet.tests.AbstractTest.setDriver" duration-ms="20" status="PASS">
          <params>
            <param index="0">
              <value>
                <![CDATA[test-data/vendor-portal/john.json]]>
              </value>
            </param>
          </params>
          <reporter-output>
          </reporter-output>
        </test-method> <!-- setPageObjects -->
        <test-method signature="loginTest()[pri:0, instance:com.phuoclet.tests.vendorportal.VendorPortalTest@1722011b]" started-at="2024-01-23T17:03:03 GMT" name="loginTest" finished-at="2024-01-23T17:03:04 GMT" duration-ms="1491" status="PASS">
          <reporter-output>
          </reporter-output>
        </test-method> <!-- loginTest -->
        <test-method signature="dashboardTest()[pri:0, instance:com.phuoclet.tests.vendorportal.VendorPortalTest@1722011b]" started-at="2024-01-23T17:03:04 GMT" name="dashboardTest" finished-at="2024-01-23T17:03:07 GMT" depends-on-methods="com.phuoclet.tests.vendorportal.VendorPortalTest.loginTest" duration-ms="2725" status="PASS">
          <reporter-output>
          </reporter-output>
        </test-method> <!-- dashboardTest -->
        <test-method signature="logoutTest()[pri:0, instance:com.phuoclet.tests.vendorportal.VendorPortalTest@1722011b]" started-at="2024-01-23T17:03:07 GMT" name="logoutTest" finished-at="2024-01-23T17:03:08 GMT" depends-on-methods="com.phuoclet.tests.vendorportal.VendorPortalTest.dashboardTest" duration-ms="632" status="PASS">
          <reporter-output>
          </reporter-output>
        </test-method> <!-- logoutTest -->
        <test-method is-config="true" signature="quitDriver()[pri:0, instance:com.phuoclet.tests.vendorportal.VendorPortalTest@1722011b]" started-at="2024-01-23T17:03:08 GMT" name="quitDriver" finished-at="2024-01-23T17:03:08 GMT" duration-ms="479" status="PASS">
          <reporter-output>
          </reporter-output>
        </test-method> <!-- quitDriver -->
      </class> <!-- com.phuoclet.tests.vendorportal.VendorPortalTest -->
    </test> <!-- user-john -->
    <test started-at="2024-01-23T17:03:00 GMT" name="user-mike" finished-at="2024-01-23T17:03:08 GMT" duration-ms="8058">
      <class name="com.phuoclet.tests.vendorportal.VendorPortalTest">
        <test-method is-config="true" signature="setDriver(org.testng.ITestContext)[pri:0, instance:com.phuoclet.tests.vendorportal.VendorPortalTest@6e15fe2]" started-at="2024-01-23T17:03:00 GMT" name="setDriver" finished-at="2024-01-23T17:03:02 GMT" duration-ms="2271" status="PASS">
          <params>
            <param index="0">
              <value>
                <![CDATA[org.testng.TestRunner@4ff8d125]]>
              </value>
            </param>
          </params>
          <reporter-output>
          </reporter-output>
        </test-method> <!-- setDriver -->
        <test-method is-config="true" signature="setPageObjects(java.lang.String)[pri:0, instance:com.phuoclet.tests.vendorportal.VendorPortalTest@6e15fe2]" started-at="2024-01-23T17:03:02 GMT" name="setPageObjects" finished-at="2024-01-23T17:03:03 GMT" depends-on-methods="com.phuoclet.tests.AbstractTest.setDriver" duration-ms="233" status="PASS">
          <params>
            <param index="0">
              <value>
                <![CDATA[test-data/vendor-portal/mike.json]]>
              </value>
            </param>
          </params>
          <reporter-output>
          </reporter-output>
        </test-method> <!-- setPageObjects -->
        <test-method signature="loginTest()[pri:0, instance:com.phuoclet.tests.vendorportal.VendorPortalTest@6e15fe2]" started-at="2024-01-23T17:03:03 GMT" name="loginTest" finished-at="2024-01-23T17:03:04 GMT" duration-ms="1766" status="PASS">
          <reporter-output>
          </reporter-output>
        </test-method> <!-- loginTest -->
        <test-method signature="dashboardTest()[pri:0, instance:com.phuoclet.tests.vendorportal.VendorPortalTest@6e15fe2]" started-at="2024-01-23T17:03:04 GMT" name="dashboardTest" finished-at="2024-01-23T17:03:07 GMT" depends-on-methods="com.phuoclet.tests.vendorportal.VendorPortalTest.loginTest" duration-ms="2692" status="PASS">
          <reporter-output>
          </reporter-output>
        </test-method> <!-- dashboardTest -->
        <test-method signature="logoutTest()[pri:0, instance:com.phuoclet.tests.vendorportal.VendorPortalTest@6e15fe2]" started-at="2024-01-23T17:03:07 GMT" name="logoutTest" finished-at="2024-01-23T17:03:08 GMT" depends-on-methods="com.phuoclet.tests.vendorportal.VendorPortalTest.dashboardTest" duration-ms="601" status="PASS">
          <reporter-output>
          </reporter-output>
        </test-method> <!-- logoutTest -->
        <test-method is-config="true" signature="quitDriver()[pri:0, instance:com.phuoclet.tests.vendorportal.VendorPortalTest@6e15fe2]" started-at="2024-01-23T17:03:08 GMT" name="quitDriver" finished-at="2024-01-23T17:03:08 GMT" duration-ms="479" status="PASS">
          <reporter-output>
          </reporter-output>
        </test-method> <!-- quitDriver -->
      </class> <!-- com.phuoclet.tests.vendorportal.VendorPortalTest -->
    </test> <!-- user-mike -->
    <test started-at="2024-01-23T17:03:00 GMT" name="user-sam" finished-at="2024-01-23T17:03:09 GMT" duration-ms="8515">
      <class name="com.phuoclet.tests.vendorportal.VendorPortalTest">
        <test-method is-config="true" signature="setDriver(org.testng.ITestContext)[pri:0, instance:com.phuoclet.tests.vendorportal.VendorPortalTest@2fba3fc4]" started-at="2024-01-23T17:03:00 GMT" name="setDriver" finished-at="2024-01-23T17:03:03 GMT" duration-ms="2345" status="PASS">
          <params>
            <param index="0">
              <value>
                <![CDATA[org.testng.TestRunner@c7ba306]]>
              </value>
            </param>
          </params>
          <reporter-output>
          </reporter-output>
        </test-method> <!-- setDriver -->
        <test-method is-config="true" signature="setPageObjects(java.lang.String)[pri:0, instance:com.phuoclet.tests.vendorportal.VendorPortalTest@2fba3fc4]" started-at="2024-01-23T17:03:03 GMT" name="setPageObjects" finished-at="2024-01-23T17:03:03 GMT" depends-on-methods="com.phuoclet.tests.AbstractTest.setDriver" duration-ms="160" status="PASS">
          <params>
            <param index="0">
              <value>
                <![CDATA[test-data/vendor-portal/sam.json]]>
              </value>
            </param>
          </params>
          <reporter-output>
          </reporter-output>
        </test-method> <!-- setPageObjects -->
        <test-method signature="loginTest()[pri:0, instance:com.phuoclet.tests.vendorportal.VendorPortalTest@2fba3fc4]" started-at="2024-01-23T17:03:03 GMT" name="loginTest" finished-at="2024-01-23T17:03:04 GMT" duration-ms="1473" status="PASS">
          <reporter-output>
          </reporter-output>
        </test-method> <!-- loginTest -->
        <test-method signature="dashboardTest()[pri:0, instance:com.phuoclet.tests.vendorportal.VendorPortalTest@2fba3fc4]" started-at="2024-01-23T17:03:04 GMT" name="dashboardTest" finished-at="2024-01-23T17:03:06 GMT" depends-on-methods="com.phuoclet.tests.vendorportal.VendorPortalTest.loginTest" duration-ms="2207" status="PASS">
          <reporter-output>
          </reporter-output>
        </test-method> <!-- dashboardTest -->
        <test-method signature="logoutTest()[pri:0, instance:com.phuoclet.tests.vendorportal.VendorPortalTest@2fba3fc4]" started-at="2024-01-23T17:03:06 GMT" name="logoutTest" finished-at="2024-01-23T17:03:08 GMT" depends-on-methods="com.phuoclet.tests.vendorportal.VendorPortalTest.dashboardTest" duration-ms="1945" status="PASS">
          <reporter-output>
          </reporter-output>
        </test-method> <!-- logoutTest -->
        <test-method is-config="true" signature="quitDriver()[pri:0, instance:com.phuoclet.tests.vendorportal.VendorPortalTest@2fba3fc4]" started-at="2024-01-23T17:03:08 GMT" name="quitDriver" finished-at="2024-01-23T17:03:09 GMT" duration-ms="370" status="PASS">
          <reporter-output>
          </reporter-output>
        </test-method> <!-- quitDriver -->
      </class> <!-- com.phuoclet.tests.vendorportal.VendorPortalTest -->
    </test> <!-- user-sam -->
  </suite> <!-- vendor-portal -->
</testng-results>
