<?xml version="1.0" encoding="UTF-8"?>
<testng-results ignored="0" total="20" passed="20" failed="0" skipped="0">
  <reporter-output>
  </reporter-output>
  <suite started-at="2024-01-30T07:24:18 GMT" name="flight-reservation" finished-at="2024-01-30T07:24:31 GMT" duration-ms="12171">
    <groups>
    </groups>
    <test started-at="2024-01-30T07:24:18 GMT" name="passengers-count-2" finished-at="2024-01-30T07:24:28 GMT" duration-ms="9176">
      <class name="com.phuoclet.tests.flightreservation.FlightReservationTest">
        <test-method is-config="true" signature="setDriver(org.testng.ITestContext)[pri:0, instance:com.phuoclet.tests.flightreservation.FlightReservationTest@1722011b]" started-at="2024-01-30T07:24:18 GMT" name="setDriver" finished-at="2024-01-30T07:24:21 GMT" duration-ms="2331" status="PASS">
          <params>
            <param index="0">
              <value>
                <![CDATA[org.testng.TestRunner@74bf1791]]>
              </value>
            </param>
          </params>
          <reporter-output>
          </reporter-output>
        </test-method> <!-- setDriver -->
        <test-method is-config="true" signature="setParameters(java.lang.String)[pri:0, instance:com.phuoclet.tests.flightreservation.FlightReservationTest@1722011b]" started-at="2024-01-30T07:24:21 GMT" name="setParameters" finished-at="2024-01-30T07:24:21 GMT" depends-on-methods="com.phuoclet.tests.AbstractTest.setDriver" duration-ms="41" status="PASS">
          <params>
            <param index="0">
              <value>
                <![CDATA[test-data/flight-reservation/passenger-2.json]]>
              </value>
            </param>
          </params>
          <reporter-output>
          </reporter-output>
        </test-method> <!-- setParameters -->
        <test-method signature="userRegistrationTest()[pri:0, instance:com.phuoclet.tests.flightreservation.FlightReservationTest@1722011b]" started-at="2024-01-30T07:24:21 GMT" name="userRegistrationTest" finished-at="2024-01-30T07:24:23 GMT" duration-ms="2434" status="PASS">
          <reporter-output>
          </reporter-output>
        </test-method> <!-- userRegistrationTest -->
        <test-method signature="registrationConfirmationTest()[pri:0, instance:com.phuoclet.tests.flightreservation.FlightReservationTest@1722011b]" started-at="2024-01-30T07:24:23 GMT" name="registrationConfirmationTest" finished-at="2024-01-30T07:24:24 GMT" depends-on-methods="com.phuoclet.tests.flightreservation.FlightReservationTest.userRegistrationTest" duration-ms="618" status="PASS">
          <reporter-output>
          </reporter-output>
        </test-method> <!-- registrationConfirmationTest -->
        <test-method signature="flightsSearchTest()[pri:0, instance:com.phuoclet.tests.flightreservation.FlightReservationTest@1722011b]" started-at="2024-01-30T07:24:24 GMT" name="flightsSearchTest" finished-at="2024-01-30T07:24:25 GMT" depends-on-methods="com.phuoclet.tests.flightreservation.FlightReservationTest.registrationConfirmationTest" duration-ms="1618" status="PASS">
          <reporter-output>
          </reporter-output>
        </test-method> <!-- flightsSearchTest -->
        <test-method signature="flightsSelectionTest()[pri:0, instance:com.phuoclet.tests.flightreservation.FlightReservationTest@1722011b]" started-at="2024-01-30T07:24:25 GMT" name="flightsSelectionTest" finished-at="2024-01-30T07:24:26 GMT" depends-on-methods="com.phuoclet.tests.flightreservation.FlightReservationTest.flightsSearchTest" duration-ms="683" status="PASS">
          <reporter-output>
          </reporter-output>
        </test-method> <!-- flightsSelectionTest -->
        <test-method signature="flightReservationConfirmationTest()[pri:0, instance:com.phuoclet.tests.flightreservation.FlightReservationTest@1722011b]" started-at="2024-01-30T07:24:26 GMT" name="flightReservationConfirmationTest" finished-at="2024-01-30T07:24:27 GMT" depends-on-methods="com.phuoclet.tests.flightreservation.FlightReservationTest.flightsSelectionTest" duration-ms="1086" status="PASS">
          <reporter-output>
          </reporter-output>
        </test-method> <!-- flightReservationConfirmationTest -->
        <test-method is-config="true" signature="quitDriver()[pri:0, instance:com.phuoclet.tests.flightreservation.FlightReservationTest@1722011b]" started-at="2024-01-30T07:24:27 GMT" name="quitDriver" finished-at="2024-01-30T07:24:28 GMT" duration-ms="346" status="PASS">
          <reporter-output>
          </reporter-output>
        </test-method> <!-- quitDriver -->
      </class> <!-- com.phuoclet.tests.flightreservation.FlightReservationTest -->
    </test> <!-- passengers-count-2 -->
    <test started-at="2024-01-30T07:24:18 GMT" name="passengers-count-1" finished-at="2024-01-30T07:24:28 GMT" duration-ms="9879">
      <class name="com.phuoclet.tests.flightreservation.FlightReservationTest">
        <test-method is-config="true" signature="setDriver(org.testng.ITestContext)[pri:0, instance:com.phuoclet.tests.flightreservation.FlightReservationTest@420a85c4]" started-at="2024-01-30T07:24:18 GMT" name="setDriver" finished-at="2024-01-30T07:24:21 GMT" duration-ms="2247" status="PASS">
          <params>
            <param index="0">
              <value>
                <![CDATA[org.testng.TestRunner@19c65cdc]]>
              </value>
            </param>
          </params>
          <reporter-output>
          </reporter-output>
        </test-method> <!-- setDriver -->
        <test-method is-config="true" signature="setParameters(java.lang.String)[pri:0, instance:com.phuoclet.tests.flightreservation.FlightReservationTest@420a85c4]" started-at="2024-01-30T07:24:21 GMT" name="setParameters" finished-at="2024-01-30T07:24:21 GMT" depends-on-methods="com.phuoclet.tests.AbstractTest.setDriver" duration-ms="122" status="PASS">
          <params>
            <param index="0">
              <value>
                <![CDATA[test-data/flight-reservation/passenger-1.json]]>
              </value>
            </param>
          </params>
          <reporter-output>
          </reporter-output>
        </test-method> <!-- setParameters -->
        <test-method signature="userRegistrationTest()[pri:0, instance:com.phuoclet.tests.flightreservation.FlightReservationTest@420a85c4]" started-at="2024-01-30T07:24:21 GMT" name="userRegistrationTest" finished-at="2024-01-30T07:24:23 GMT" duration-ms="2333" status="PASS">
          <reporter-output>
          </reporter-output>
        </test-method> <!-- userRegistrationTest -->
        <test-method signature="registrationConfirmationTest()[pri:0, instance:com.phuoclet.tests.flightreservation.FlightReservationTest@420a85c4]" started-at="2024-01-30T07:24:23 GMT" name="registrationConfirmationTest" finished-at="2024-01-30T07:24:24 GMT" depends-on-methods="com.phuoclet.tests.flightreservation.FlightReservationTest.userRegistrationTest" duration-ms="636" status="PASS">
          <reporter-output>
          </reporter-output>
        </test-method> <!-- registrationConfirmationTest -->
        <test-method signature="flightsSearchTest()[pri:0, instance:com.phuoclet.tests.flightreservation.FlightReservationTest@420a85c4]" started-at="2024-01-30T07:24:24 GMT" name="flightsSearchTest" finished-at="2024-01-30T07:24:25 GMT" depends-on-methods="com.phuoclet.tests.flightreservation.FlightReservationTest.registrationConfirmationTest" duration-ms="1365" status="PASS">
          <reporter-output>
          </reporter-output>
        </test-method> <!-- flightsSearchTest -->
        <test-method signature="flightsSelectionTest()[pri:0, instance:com.phuoclet.tests.flightreservation.FlightReservationTest@420a85c4]" started-at="2024-01-30T07:24:25 GMT" name="flightsSelectionTest" finished-at="2024-01-30T07:24:27 GMT" depends-on-methods="com.phuoclet.tests.flightreservation.FlightReservationTest.flightsSearchTest" duration-ms="1712" status="PASS">
          <reporter-output>
          </reporter-output>
        </test-method> <!-- flightsSelectionTest -->
        <test-method signature="flightReservationConfirmationTest()[pri:0, instance:com.phuoclet.tests.flightreservation.FlightReservationTest@420a85c4]" started-at="2024-01-30T07:24:27 GMT" name="flightReservationConfirmationTest" finished-at="2024-01-30T07:24:28 GMT" depends-on-methods="com.phuoclet.tests.flightreservation.FlightReservationTest.flightsSelectionTest" duration-ms="1108" status="PASS">
          <reporter-output>
          </reporter-output>
        </test-method> <!-- flightReservationConfirmationTest -->
        <test-method is-config="true" signature="quitDriver()[pri:0, instance:com.phuoclet.tests.flightreservation.FlightReservationTest@420a85c4]" started-at="2024-01-30T07:24:28 GMT" name="quitDriver" finished-at="2024-01-30T07:24:28 GMT" duration-ms="334" status="PASS">
          <reporter-output>
          </reporter-output>
        </test-method> <!-- quitDriver -->
      </class> <!-- com.phuoclet.tests.flightreservation.FlightReservationTest -->
    </test> <!-- passengers-count-1 -->
    <test started-at="2024-01-30T07:24:18 GMT" name="passengers-count-3" finished-at="2024-01-30T07:24:29 GMT" duration-ms="10599">
      <class name="com.phuoclet.tests.flightreservation.FlightReservationTest">
        <test-method is-config="true" signature="setDriver(org.testng.ITestContext)[pri:0, instance:com.phuoclet.tests.flightreservation.FlightReservationTest@5b3f61ff]" started-at="2024-01-30T07:24:18 GMT" name="setDriver" finished-at="2024-01-30T07:24:21 GMT" duration-ms="2452" status="PASS">
          <params>
            <param index="0">
              <value>
                <![CDATA[org.testng.TestRunner@38b27cdc]]>
              </value>
            </param>
          </params>
          <reporter-output>
          </reporter-output>
        </test-method> <!-- setDriver -->
        <test-method is-config="true" signature="setParameters(java.lang.String)[pri:0, instance:com.phuoclet.tests.flightreservation.FlightReservationTest@5b3f61ff]" started-at="2024-01-30T07:24:21 GMT" name="setParameters" finished-at="2024-01-30T07:24:21 GMT" depends-on-methods="com.phuoclet.tests.AbstractTest.setDriver" duration-ms="1" status="PASS">
          <params>
            <param index="0">
              <value>
                <![CDATA[test-data/flight-reservation/passenger-3.json]]>
              </value>
            </param>
          </params>
          <reporter-output>
          </reporter-output>
        </test-method> <!-- setParameters -->
        <test-method signature="userRegistrationTest()[pri:0, instance:com.phuoclet.tests.flightreservation.FlightReservationTest@5b3f61ff]" started-at="2024-01-30T07:24:21 GMT" name="userRegistrationTest" finished-at="2024-01-30T07:24:23 GMT" duration-ms="2297" status="PASS">
          <reporter-output>
          </reporter-output>
        </test-method> <!-- userRegistrationTest -->
        <test-method signature="registrationConfirmationTest()[pri:0, instance:com.phuoclet.tests.flightreservation.FlightReservationTest@5b3f61ff]" started-at="2024-01-30T07:24:23 GMT" name="registrationConfirmationTest" finished-at="2024-01-30T07:24:24 GMT" depends-on-methods="com.phuoclet.tests.flightreservation.FlightReservationTest.userRegistrationTest" duration-ms="638" status="PASS">
          <reporter-output>
          </reporter-output>
        </test-method> <!-- registrationConfirmationTest -->
        <test-method signature="flightsSearchTest()[pri:0, instance:com.phuoclet.tests.flightreservation.FlightReservationTest@5b3f61ff]" started-at="2024-01-30T07:24:24 GMT" name="flightsSearchTest" finished-at="2024-01-30T07:24:26 GMT" depends-on-methods="com.phuoclet.tests.flightreservation.FlightReservationTest.registrationConfirmationTest" duration-ms="2579" status="PASS">
          <reporter-output>
          </reporter-output>
        </test-method> <!-- flightsSearchTest -->
        <test-method signature="flightsSelectionTest()[pri:0, instance:com.phuoclet.tests.flightreservation.FlightReservationTest@5b3f61ff]" started-at="2024-01-30T07:24:26 GMT" name="flightsSelectionTest" finished-at="2024-01-30T07:24:28 GMT" depends-on-methods="com.phuoclet.tests.flightreservation.FlightReservationTest.flightsSearchTest" duration-ms="1201" status="PASS">
          <reporter-output>
          </reporter-output>
        </test-method> <!-- flightsSelectionTest -->
        <test-method signature="flightReservationConfirmationTest()[pri:0, instance:com.phuoclet.tests.flightreservation.FlightReservationTest@5b3f61ff]" started-at="2024-01-30T07:24:28 GMT" name="flightReservationConfirmationTest" finished-at="2024-01-30T07:24:29 GMT" depends-on-methods="com.phuoclet.tests.flightreservation.FlightReservationTest.flightsSelectionTest" duration-ms="1092" status="PASS">
          <reporter-output>
          </reporter-output>
        </test-method> <!-- flightReservationConfirmationTest -->
        <test-method is-config="true" signature="quitDriver()[pri:0, instance:com.phuoclet.tests.flightreservation.FlightReservationTest@5b3f61ff]" started-at="2024-01-30T07:24:29 GMT" name="quitDriver" finished-at="2024-01-30T07:24:29 GMT" duration-ms="332" status="PASS">
          <reporter-output>
          </reporter-output>
        </test-method> <!-- quitDriver -->
      </class> <!-- com.phuoclet.tests.flightreservation.FlightReservationTest -->
    </test> <!-- passengers-count-3 -->
    <test started-at="2024-01-30T07:24:18 GMT" name="passengers-count-4" finished-at="2024-01-30T07:24:31 GMT" duration-ms="12171">
      <class name="com.phuoclet.tests.flightreservation.FlightReservationTest">
        <test-method is-config="true" signature="setupConfig()[pri:0, instance:com.phuoclet.tests.flightreservation.FlightReservationTest@7cb502c]" started-at="2024-01-30T07:24:18 GMT" name="setupConfig" finished-at="2024-01-30T07:24:18 GMT" duration-ms="5" status="PASS">
          <reporter-output>
          </reporter-output>
        </test-method> <!-- setupConfig -->
        <test-method is-config="true" signature="setDriver(org.testng.ITestContext)[pri:0, instance:com.phuoclet.tests.flightreservation.FlightReservationTest@7cb502c]" started-at="2024-01-30T07:24:18 GMT" name="setDriver" finished-at="2024-01-30T07:24:21 GMT" duration-ms="2328" status="PASS">
          <params>
            <param index="0">
              <value>
                <![CDATA[org.testng.TestRunner@54504ecd]]>
              </value>
            </param>
          </params>
          <reporter-output>
          </reporter-output>
        </test-method> <!-- setDriver -->
        <test-method is-config="true" signature="setParameters(java.lang.String)[pri:0, instance:com.phuoclet.tests.flightreservation.FlightReservationTest@7cb502c]" started-at="2024-01-30T07:24:21 GMT" name="setParameters" finished-at="2024-01-30T07:24:21 GMT" depends-on-methods="com.phuoclet.tests.AbstractTest.setDriver" duration-ms="41" status="PASS">
          <params>
            <param index="0">
              <value>
                <![CDATA[test-data/flight-reservation/passenger-4.json]]>
              </value>
            </param>
          </params>
          <reporter-output>
          </reporter-output>
        </test-method> <!-- setParameters -->
        <test-method signature="userRegistrationTest()[pri:0, instance:com.phuoclet.tests.flightreservation.FlightReservationTest@7cb502c]" started-at="2024-01-30T07:24:21 GMT" name="userRegistrationTest" finished-at="2024-01-30T07:24:23 GMT" duration-ms="2324" status="PASS">
          <reporter-output>
          </reporter-output>
        </test-method> <!-- userRegistrationTest -->
        <test-method signature="registrationConfirmationTest()[pri:0, instance:com.phuoclet.tests.flightreservation.FlightReservationTest@7cb502c]" started-at="2024-01-30T07:24:23 GMT" name="registrationConfirmationTest" finished-at="2024-01-30T07:24:25 GMT" depends-on-methods="com.phuoclet.tests.flightreservation.FlightReservationTest.userRegistrationTest" duration-ms="2184" status="PASS">
          <reporter-output>
          </reporter-output>
        </test-method> <!-- registrationConfirmationTest -->
        <test-method signature="flightsSearchTest()[pri:0, instance:com.phuoclet.tests.flightreservation.FlightReservationTest@7cb502c]" started-at="2024-01-30T07:24:25 GMT" name="flightsSearchTest" finished-at="2024-01-30T07:24:27 GMT" depends-on-methods="com.phuoclet.tests.flightreservation.FlightReservationTest.registrationConfirmationTest" duration-ms="2058" status="PASS">
          <reporter-output>
          </reporter-output>
        </test-method> <!-- flightsSearchTest -->
        <test-method signature="flightsSelectionTest()[pri:0, instance:com.phuoclet.tests.flightreservation.FlightReservationTest@7cb502c]" started-at="2024-01-30T07:24:27 GMT" name="flightsSelectionTest" finished-at="2024-01-30T07:24:29 GMT" depends-on-methods="com.phuoclet.tests.flightreservation.FlightReservationTest.flightsSearchTest" duration-ms="1729" status="PASS">
          <reporter-output>
          </reporter-output>
        </test-method> <!-- flightsSelectionTest -->
        <test-method signature="flightReservationConfirmationTest()[pri:0, instance:com.phuoclet.tests.flightreservation.FlightReservationTest@7cb502c]" started-at="2024-01-30T07:24:29 GMT" name="flightReservationConfirmationTest" finished-at="2024-01-30T07:24:30 GMT" depends-on-methods="com.phuoclet.tests.flightreservation.FlightReservationTest.flightsSelectionTest" duration-ms="1159" status="PASS">
          <reporter-output>
          </reporter-output>
        </test-method> <!-- flightReservationConfirmationTest -->
        <test-method is-config="true" signature="quitDriver()[pri:0, instance:com.phuoclet.tests.flightreservation.FlightReservationTest@7cb502c]" started-at="2024-01-30T07:24:30 GMT" name="quitDriver" finished-at="2024-01-30T07:24:31 GMT" duration-ms="324" status="PASS">
          <reporter-output>
          </reporter-output>
        </test-method> <!-- quitDriver -->
      </class> <!-- com.phuoclet.tests.flightreservation.FlightReservationTest -->
    </test> <!-- passengers-count-4 -->
  </suite> <!-- flight-reservation -->
</testng-results>
