<?xml version="1.0" encoding="UTF-8"?>
<testng-results ignored="0" total="20" passed="20" failed="0" skipped="0">
  <reporter-output>
  </reporter-output>
  <suite started-at="2024-01-23T17:03:00 GMT" name="flight-reservation" finished-at="2024-01-23T17:03:11 GMT" duration-ms="10977">
    <groups>
    </groups>
    <test started-at="2024-01-23T17:03:00 GMT" name="passengers-count-1" finished-at="2024-01-23T17:03:10 GMT" duration-ms="10286">
      <class name="com.phuoclet.tests.flightreservation.FlightReservationTest">
        <test-method is-config="true" signature="setDriver(org.testng.ITestContext)[pri:0, instance:com.phuoclet.tests.flightreservation.FlightReservationTest@420a85c4]" started-at="2024-01-23T17:03:00 GMT" name="setDriver" finished-at="2024-01-23T17:03:02 GMT" duration-ms="2189" status="PASS">
          <params>
            <param index="0">
              <value>
                <![CDATA[org.testng.TestRunner@19c65cdc]]>
              </value>
            </param>
          </params>
          <reporter-output>
          </reporter-output>
        </test-method> <!-- setDriver -->
        <test-method is-config="true" signature="setParameters(java.lang.String)[pri:0, instance:com.phuoclet.tests.flightreservation.FlightReservationTest@420a85c4]" started-at="2024-01-23T17:03:02 GMT" name="setParameters" finished-at="2024-01-23T17:03:03 GMT" depends-on-methods="com.phuoclet.tests.AbstractTest.setDriver" duration-ms="173" status="PASS">
          <params>
            <param index="0">
              <value>
                <![CDATA[test-data/flight-reservation/passenger-1.json]]>
              </value>
            </param>
          </params>
          <reporter-output>
          </reporter-output>
        </test-method> <!-- setParameters -->
        <test-method signature="userRegistrationTest()[pri:0, instance:com.phuoclet.tests.flightreservation.FlightReservationTest@420a85c4]" started-at="2024-01-23T17:03:03 GMT" name="userRegistrationTest" finished-at="2024-01-23T17:03:05 GMT" duration-ms="2768" status="PASS">
          <reporter-output>
          </reporter-output>
        </test-method> <!-- userRegistrationTest -->
        <test-method signature="registrationConfirmationTest()[pri:0, instance:com.phuoclet.tests.flightreservation.FlightReservationTest@420a85c4]" started-at="2024-01-23T17:03:05 GMT" name="registrationConfirmationTest" finished-at="2024-01-23T17:03:06 GMT" depends-on-methods="com.phuoclet.tests.flightreservation.FlightReservationTest.userRegistrationTest" duration-ms="621" status="PASS">
          <reporter-output>
          </reporter-output>
        </test-method> <!-- registrationConfirmationTest -->
        <test-method signature="flightsSearchTest()[pri:0, instance:com.phuoclet.tests.flightreservation.FlightReservationTest@420a85c4]" started-at="2024-01-23T17:03:06 GMT" name="flightsSearchTest" finished-at="2024-01-23T17:03:08 GMT" depends-on-methods="com.phuoclet.tests.flightreservation.FlightReservationTest.registrationConfirmationTest" duration-ms="1884" status="PASS">
          <reporter-output>
          </reporter-output>
        </test-method> <!-- flightsSearchTest -->
        <test-method signature="flightsSelectionTest()[pri:0, instance:com.phuoclet.tests.flightreservation.FlightReservationTest@420a85c4]" started-at="2024-01-23T17:03:08 GMT" name="flightsSelectionTest" finished-at="2024-01-23T17:03:09 GMT" depends-on-methods="com.phuoclet.tests.flightreservation.FlightReservationTest.flightsSearchTest" duration-ms="1189" status="PASS">
          <reporter-output>
          </reporter-output>
        </test-method> <!-- flightsSelectionTest -->
        <test-method signature="flightReservationConfirmationTest()[pri:0, instance:com.phuoclet.tests.flightreservation.FlightReservationTest@420a85c4]" started-at="2024-01-23T17:03:09 GMT" name="flightReservationConfirmationTest" finished-at="2024-01-23T17:03:10 GMT" depends-on-methods="com.phuoclet.tests.flightreservation.FlightReservationTest.flightsSelectionTest" duration-ms="1094" status="PASS">
          <reporter-output>
          </reporter-output>
        </test-method> <!-- flightReservationConfirmationTest -->
        <test-method is-config="true" signature="quitDriver()[pri:0, instance:com.phuoclet.tests.flightreservation.FlightReservationTest@420a85c4]" started-at="2024-01-23T17:03:10 GMT" name="quitDriver" finished-at="2024-01-23T17:03:10 GMT" duration-ms="348" status="PASS">
          <reporter-output>
          </reporter-output>
        </test-method> <!-- quitDriver -->
      </class> <!-- com.phuoclet.tests.flightreservation.FlightReservationTest -->
    </test> <!-- passengers-count-1 -->
    <test started-at="2024-01-23T17:03:00 GMT" name="passengers-count-2" finished-at="2024-01-23T17:03:11 GMT" duration-ms="10478">
      <class name="com.phuoclet.tests.flightreservation.FlightReservationTest">
        <test-method is-config="true" signature="setDriver(org.testng.ITestContext)[pri:0, instance:com.phuoclet.tests.flightreservation.FlightReservationTest@1722011b]" started-at="2024-01-23T17:03:00 GMT" name="setDriver" finished-at="2024-01-23T17:03:02 GMT" duration-ms="2186" status="PASS">
          <params>
            <param index="0">
              <value>
                <![CDATA[org.testng.TestRunner@74bf1791]]>
              </value>
            </param>
          </params>
          <reporter-output>
          </reporter-output>
        </test-method> <!-- setDriver -->
        <test-method is-config="true" signature="setParameters(java.lang.String)[pri:0, instance:com.phuoclet.tests.flightreservation.FlightReservationTest@1722011b]" started-at="2024-01-23T17:03:02 GMT" name="setParameters" finished-at="2024-01-23T17:03:03 GMT" depends-on-methods="com.phuoclet.tests.AbstractTest.setDriver" duration-ms="174" status="PASS">
          <params>
            <param index="0">
              <value>
                <![CDATA[test-data/flight-reservation/passenger-2.json]]>
              </value>
            </param>
          </params>
          <reporter-output>
          </reporter-output>
        </test-method> <!-- setParameters -->
        <test-method signature="userRegistrationTest()[pri:0, instance:com.phuoclet.tests.flightreservation.FlightReservationTest@1722011b]" started-at="2024-01-23T17:03:03 GMT" name="userRegistrationTest" finished-at="2024-01-23T17:03:05 GMT" duration-ms="2740" status="PASS">
          <reporter-output>
          </reporter-output>
        </test-method> <!-- userRegistrationTest -->
        <test-method signature="registrationConfirmationTest()[pri:0, instance:com.phuoclet.tests.flightreservation.FlightReservationTest@1722011b]" started-at="2024-01-23T17:03:05 GMT" name="registrationConfirmationTest" finished-at="2024-01-23T17:03:06 GMT" depends-on-methods="com.phuoclet.tests.flightreservation.FlightReservationTest.userRegistrationTest" duration-ms="1152" status="PASS">
          <reporter-output>
          </reporter-output>
        </test-method> <!-- registrationConfirmationTest -->
        <test-method signature="flightsSearchTest()[pri:0, instance:com.phuoclet.tests.flightreservation.FlightReservationTest@1722011b]" started-at="2024-01-23T17:03:06 GMT" name="flightsSearchTest" finished-at="2024-01-23T17:03:09 GMT" depends-on-methods="com.phuoclet.tests.flightreservation.FlightReservationTest.registrationConfirmationTest" duration-ms="2071" status="PASS">
          <reporter-output>
          </reporter-output>
        </test-method> <!-- flightsSearchTest -->
        <test-method signature="flightsSelectionTest()[pri:0, instance:com.phuoclet.tests.flightreservation.FlightReservationTest@1722011b]" started-at="2024-01-23T17:03:09 GMT" name="flightsSelectionTest" finished-at="2024-01-23T17:03:10 GMT" depends-on-methods="com.phuoclet.tests.flightreservation.FlightReservationTest.flightsSearchTest" duration-ms="1742" status="PASS">
          <reporter-output>
          </reporter-output>
        </test-method> <!-- flightsSelectionTest -->
        <test-method signature="flightReservationConfirmationTest()[pri:0, instance:com.phuoclet.tests.flightreservation.FlightReservationTest@1722011b]" started-at="2024-01-23T17:03:10 GMT" name="flightReservationConfirmationTest" finished-at="2024-01-23T17:03:10 GMT" depends-on-methods="com.phuoclet.tests.flightreservation.FlightReservationTest.flightsSelectionTest" duration-ms="44" status="PASS">
          <reporter-output>
          </reporter-output>
        </test-method> <!-- flightReservationConfirmationTest -->
        <test-method is-config="true" signature="quitDriver()[pri:0, instance:com.phuoclet.tests.flightreservation.FlightReservationTest@1722011b]" started-at="2024-01-23T17:03:10 GMT" name="quitDriver" finished-at="2024-01-23T17:03:11 GMT" duration-ms="348" status="PASS">
          <reporter-output>
          </reporter-output>
        </test-method> <!-- quitDriver -->
      </class> <!-- com.phuoclet.tests.flightreservation.FlightReservationTest -->
    </test> <!-- passengers-count-2 -->
    <test started-at="2024-01-23T17:03:00 GMT" name="passengers-count-3" finished-at="2024-01-23T17:03:11 GMT" duration-ms="10928">
      <class name="com.phuoclet.tests.flightreservation.FlightReservationTest">
        <test-method is-config="true" signature="setDriver(org.testng.ITestContext)[pri:0, instance:com.phuoclet.tests.flightreservation.FlightReservationTest@5b3f61ff]" started-at="2024-01-23T17:03:00 GMT" name="setDriver" finished-at="2024-01-23T17:03:02 GMT" duration-ms="2209" status="PASS">
          <params>
            <param index="0">
              <value>
                <![CDATA[org.testng.TestRunner@54504ecd]]>
              </value>
            </param>
          </params>
          <reporter-output>
          </reporter-output>
        </test-method> <!-- setDriver -->
        <test-method is-config="true" signature="setParameters(java.lang.String)[pri:0, instance:com.phuoclet.tests.flightreservation.FlightReservationTest@5b3f61ff]" started-at="2024-01-23T17:03:02 GMT" name="setParameters" finished-at="2024-01-23T17:03:03 GMT" depends-on-methods="com.phuoclet.tests.AbstractTest.setDriver" duration-ms="154" status="PASS">
          <params>
            <param index="0">
              <value>
                <![CDATA[test-data/flight-reservation/passenger-3.json]]>
              </value>
            </param>
          </params>
          <reporter-output>
          </reporter-output>
        </test-method> <!-- setParameters -->
        <test-method signature="userRegistrationTest()[pri:0, instance:com.phuoclet.tests.flightreservation.FlightReservationTest@5b3f61ff]" started-at="2024-01-23T17:03:03 GMT" name="userRegistrationTest" finished-at="2024-01-23T17:03:05 GMT" duration-ms="2142" status="PASS">
          <reporter-output>
          </reporter-output>
        </test-method> <!-- userRegistrationTest -->
        <test-method signature="registrationConfirmationTest()[pri:0, instance:com.phuoclet.tests.flightreservation.FlightReservationTest@5b3f61ff]" started-at="2024-01-23T17:03:05 GMT" name="registrationConfirmationTest" finished-at="2024-01-23T17:03:05 GMT" depends-on-methods="com.phuoclet.tests.flightreservation.FlightReservationTest.userRegistrationTest" duration-ms="605" status="PASS">
          <reporter-output>
          </reporter-output>
        </test-method> <!-- registrationConfirmationTest -->
        <test-method signature="flightsSearchTest()[pri:0, instance:com.phuoclet.tests.flightreservation.FlightReservationTest@5b3f61ff]" started-at="2024-01-23T17:03:05 GMT" name="flightsSearchTest" finished-at="2024-01-23T17:03:08 GMT" depends-on-methods="com.phuoclet.tests.flightreservation.FlightReservationTest.registrationConfirmationTest" duration-ms="2667" status="PASS">
          <reporter-output>
          </reporter-output>
        </test-method> <!-- flightsSearchTest -->
        <test-method signature="flightsSelectionTest()[pri:0, instance:com.phuoclet.tests.flightreservation.FlightReservationTest@5b3f61ff]" started-at="2024-01-23T17:03:08 GMT" name="flightsSelectionTest" finished-at="2024-01-23T17:03:09 GMT" depends-on-methods="com.phuoclet.tests.flightreservation.FlightReservationTest.flightsSearchTest" duration-ms="1200" status="PASS">
          <reporter-output>
          </reporter-output>
        </test-method> <!-- flightsSelectionTest -->
        <test-method signature="flightReservationConfirmationTest()[pri:0, instance:com.phuoclet.tests.flightreservation.FlightReservationTest@5b3f61ff]" started-at="2024-01-23T17:03:09 GMT" name="flightReservationConfirmationTest" finished-at="2024-01-23T17:03:11 GMT" depends-on-methods="com.phuoclet.tests.flightreservation.FlightReservationTest.flightsSelectionTest" duration-ms="1591" status="PASS">
          <reporter-output>
          </reporter-output>
        </test-method> <!-- flightReservationConfirmationTest -->
        <test-method is-config="true" signature="quitDriver()[pri:0, instance:com.phuoclet.tests.flightreservation.FlightReservationTest@5b3f61ff]" started-at="2024-01-23T17:03:11 GMT" name="quitDriver" finished-at="2024-01-23T17:03:11 GMT" duration-ms="342" status="PASS">
          <reporter-output>
          </reporter-output>
        </test-method> <!-- quitDriver -->
      </class> <!-- com.phuoclet.tests.flightreservation.FlightReservationTest -->
    </test> <!-- passengers-count-3 -->
    <test started-at="2024-01-23T17:03:00 GMT" name="passengers-count-4" finished-at="2024-01-23T17:03:11 GMT" duration-ms="10977">
      <class name="com.phuoclet.tests.flightreservation.FlightReservationTest">
        <test-method is-config="true" signature="setupConfig()[pri:0, instance:com.phuoclet.tests.flightreservation.FlightReservationTest@7cb502c]" started-at="2024-01-23T17:03:00 GMT" name="setupConfig" finished-at="2024-01-23T17:03:00 GMT" duration-ms="6" status="PASS">
          <reporter-output>
          </reporter-output>
        </test-method> <!-- setupConfig -->
        <test-method is-config="true" signature="setDriver(org.testng.ITestContext)[pri:0, instance:com.phuoclet.tests.flightreservation.FlightReservationTest@7cb502c]" started-at="2024-01-23T17:03:00 GMT" name="setDriver" finished-at="2024-01-23T17:03:03 GMT" duration-ms="2408" status="PASS">
          <params>
            <param index="0">
              <value>
                <![CDATA[org.testng.TestRunner@38b27cdc]]>
              </value>
            </param>
          </params>
          <reporter-output>
          </reporter-output>
        </test-method> <!-- setDriver -->
        <test-method is-config="true" signature="setParameters(java.lang.String)[pri:0, instance:com.phuoclet.tests.flightreservation.FlightReservationTest@7cb502c]" started-at="2024-01-23T17:03:03 GMT" name="setParameters" finished-at="2024-01-23T17:03:03 GMT" depends-on-methods="com.phuoclet.tests.AbstractTest.setDriver" duration-ms="0" status="PASS">
          <params>
            <param index="0">
              <value>
                <![CDATA[test-data/flight-reservation/passenger-4.json]]>
              </value>
            </param>
          </params>
          <reporter-output>
          </reporter-output>
        </test-method> <!-- setParameters -->
        <test-method signature="userRegistrationTest()[pri:0, instance:com.phuoclet.tests.flightreservation.FlightReservationTest@7cb502c]" started-at="2024-01-23T17:03:03 GMT" name="userRegistrationTest" finished-at="2024-01-23T17:03:05 GMT" duration-ms="2130" status="PASS">
          <reporter-output>
          </reporter-output>
        </test-method> <!-- userRegistrationTest -->
        <test-method signature="registrationConfirmationTest()[pri:0, instance:com.phuoclet.tests.flightreservation.FlightReservationTest@7cb502c]" started-at="2024-01-23T17:03:05 GMT" name="registrationConfirmationTest" finished-at="2024-01-23T17:03:06 GMT" depends-on-methods="com.phuoclet.tests.flightreservation.FlightReservationTest.userRegistrationTest" duration-ms="1661" status="PASS">
          <reporter-output>
          </reporter-output>
        </test-method> <!-- registrationConfirmationTest -->
        <test-method signature="flightsSearchTest()[pri:0, instance:com.phuoclet.tests.flightreservation.FlightReservationTest@7cb502c]" started-at="2024-01-23T17:03:06 GMT" name="flightsSearchTest" finished-at="2024-01-23T17:03:08 GMT" depends-on-methods="com.phuoclet.tests.flightreservation.FlightReservationTest.registrationConfirmationTest" duration-ms="1614" status="PASS">
          <reporter-output>
          </reporter-output>
        </test-method> <!-- flightsSearchTest -->
        <test-method signature="flightsSelectionTest()[pri:0, instance:com.phuoclet.tests.flightreservation.FlightReservationTest@7cb502c]" started-at="2024-01-23T17:03:08 GMT" name="flightsSelectionTest" finished-at="2024-01-23T17:03:09 GMT" depends-on-methods="com.phuoclet.tests.flightreservation.FlightReservationTest.flightsSearchTest" duration-ms="1210" status="PASS">
          <reporter-output>
          </reporter-output>
        </test-method> <!-- flightsSelectionTest -->
        <test-method signature="flightReservationConfirmationTest()[pri:0, instance:com.phuoclet.tests.flightreservation.FlightReservationTest@7cb502c]" started-at="2024-01-23T17:03:09 GMT" name="flightReservationConfirmationTest" finished-at="2024-01-23T17:03:11 GMT" depends-on-methods="com.phuoclet.tests.flightreservation.FlightReservationTest.flightsSelectionTest" duration-ms="1604" status="PASS">
          <reporter-output>
          </reporter-output>
        </test-method> <!-- flightReservationConfirmationTest -->
        <test-method is-config="true" signature="quitDriver()[pri:0, instance:com.phuoclet.tests.flightreservation.FlightReservationTest@7cb502c]" started-at="2024-01-23T17:03:11 GMT" name="quitDriver" finished-at="2024-01-23T17:03:11 GMT" duration-ms="344" status="PASS">
          <reporter-output>
          </reporter-output>
        </test-method> <!-- quitDriver -->
      </class> <!-- com.phuoclet.tests.flightreservation.FlightReservationTest -->
    </test> <!-- passengers-count-4 -->
  </suite> <!-- flight-reservation -->
</testng-results>
